<?xml version="1.0" encoding="UTF-8"?>
<!-- Generated by org.testng.reporters.JUnitXMLReporter -->
<testsuite hostname="Ayleens-Air.fios-router.home" ignored="0" name="Default test" tests="10" failures="0" timestamp="2020-01-25T10:42:36 EST" time="164.567" errors="0">
  <testcase name="addingEmp" time="8.452" classname="com.hrms.testcases.TCAddEmp"/>
  <testcase name="addingEmp" time="7.084" classname="com.hrms.testcases.TCAddEmp"/>
  <testcase name="addingEmp" time="10.466" classname="com.hrms.testcases.TCAddEmp"/>
  <testcase name="addingEmp" time="7.896" classname="com.hrms.testcases.TCAddEmp"/>
  <testcase name="addingEmp" time="8.062" classname="com.hrms.testcases.TCAddEmp"/>
  <testcase name="addingEmp" time="10.98" classname="com.hrms.testcases.TCAddEmp"/>
  <testcase name="addingEmp" time="9.922" classname="com.hrms.testcases.TCAddEmp"/>
  <testcase name="addingEmp" time="11.965" classname="com.hrms.testcases.TCAddEmp"/>
  <testcase name="addingEmp" time="7.782" classname="com.hrms.testcases.TCAddEmp"/>
  <testcase name="addingEmp" time="10.876" classname="com.hrms.testcases.TCAddEmp"/>
</testsuite> <!-- Default test -->
