<?xml version="1.0" encoding="UTF-8"?>
<testng-results skipped="0" failed="1" ignored="10" total="21" passed="10">
  <reporter-output>
  </reporter-output>
  <suite name="Regression Suite" duration-ms="191935" started-at="2020-01-25T12:35:57 EST" finished-at="2020-01-25T12:39:09 EST">
    <groups>
      <group name="regression">
        <method signature="LeaveListPageTest.leaveLabelvalidation()[pri:0, instance:com.hrms.testcases.LeaveListPageTest@15d0c81b]" name="leaveLabelvalidation" class="com.hrms.testcases.LeaveListPageTest"/>
        <method signature="TCAddEmp.addingEmp(java.lang.String, java.lang.String)[pri:0, instance:com.hrms.testcases.TCAddEmp@27a8c74e]" name="addingEmp" class="com.hrms.testcases.TCAddEmp"/>
      </group> <!-- regression -->
    </groups>
    <test name="Regression Test" duration-ms="191935" started-at="2020-01-25T12:35:57 EST" finished-at="2020-01-25T12:39:09 EST">
      <class name="com.hrms.testcases.TCAddEmp">
        <test-method status="PASS" signature="setUp()[pri:0, instance:com.hrms.testcases.TCAddEmp@27a8c74e]" name="setUp" is-config="true" duration-ms="4058" started-at="2020-01-25T12:36:20 EST" finished-at="2020-01-25T12:36:24 EST">
          <reporter-output>
          </reporter-output>
        </test-method> <!-- setUp -->
        <test-method status="PASS" signature="addingEmp(java.lang.String, java.lang.String)[pri:0, instance:com.hrms.testcases.TCAddEmp@27a8c74e]" name="addingEmp" duration-ms="7607" started-at="2020-01-25T12:36:24 EST" data-provider="getData" finished-at="2020-01-25T12:36:32 EST">
          <params>
            <param index="0">
              <value>
                <![CDATA[James]]>
              </value>
            </param>
            <param index="1">
              <value>
                <![CDATA[Smith]]>
              </value>
            </param>
          </params>
          <reporter-output>
          </reporter-output>
        </test-method> <!-- addingEmp -->
        <test-method status="PASS" signature="tearDown()[pri:0, instance:com.hrms.testcases.TCAddEmp@27a8c74e]" name="tearDown" is-config="true" duration-ms="223" started-at="2020-01-25T12:36:32 EST" finished-at="2020-01-25T12:36:32 EST">
          <reporter-output>
          </reporter-output>
        </test-method> <!-- tearDown -->
        <test-method status="PASS" signature="setUp()[pri:0, instance:com.hrms.testcases.TCAddEmp@27a8c74e]" name="setUp" is-config="true" duration-ms="6558" started-at="2020-01-25T12:36:32 EST" finished-at="2020-01-25T12:36:39 EST">
          <reporter-output>
          </reporter-output>
        </test-method> <!-- setUp -->
        <test-method status="PASS" signature="addingEmp(java.lang.String, java.lang.String)[pri:0, instance:com.hrms.testcases.TCAddEmp@27a8c74e]" name="addingEmp" duration-ms="10640" started-at="2020-01-25T12:36:39 EST" data-provider="getData" finished-at="2020-01-25T12:36:49 EST">
          <params>
            <param index="0">
              <value>
                <![CDATA[John]]>
              </value>
            </param>
            <param index="1">
              <value>
                <![CDATA[Brown]]>
              </value>
            </param>
          </params>
          <reporter-output>
          </reporter-output>
        </test-method> <!-- addingEmp -->
        <test-method status="PASS" signature="tearDown()[pri:0, instance:com.hrms.testcases.TCAddEmp@27a8c74e]" name="tearDown" is-config="true" duration-ms="252" started-at="2020-01-25T12:36:50 EST" finished-at="2020-01-25T12:36:50 EST">
          <reporter-output>
          </reporter-output>
        </test-method> <!-- tearDown -->
        <test-method status="PASS" signature="setUp()[pri:0, instance:com.hrms.testcases.TCAddEmp@27a8c74e]" name="setUp" is-config="true" duration-ms="7338" started-at="2020-01-25T12:36:50 EST" finished-at="2020-01-25T12:36:57 EST">
          <reporter-output>
          </reporter-output>
        </test-method> <!-- setUp -->
        <test-method status="PASS" signature="addingEmp(java.lang.String, java.lang.String)[pri:0, instance:com.hrms.testcases.TCAddEmp@27a8c74e]" name="addingEmp" duration-ms="11675" started-at="2020-01-25T12:36:57 EST" data-provider="getData" finished-at="2020-01-25T12:37:09 EST">
          <params>
            <param index="0">
              <value>
                <![CDATA[Sean]]>
              </value>
            </param>
            <param index="1">
              <value>
                <![CDATA[Brown]]>
              </value>
            </param>
          </params>
          <reporter-output>
          </reporter-output>
        </test-method> <!-- addingEmp -->
        <test-method status="PASS" signature="tearDown()[pri:0, instance:com.hrms.testcases.TCAddEmp@27a8c74e]" name="tearDown" is-config="true" duration-ms="182" started-at="2020-01-25T12:37:10 EST" finished-at="2020-01-25T12:37:10 EST">
          <reporter-output>
          </reporter-output>
        </test-method> <!-- tearDown -->
        <test-method status="PASS" signature="setUp()[pri:0, instance:com.hrms.testcases.TCAddEmp@27a8c74e]" name="setUp" is-config="true" duration-ms="6523" started-at="2020-01-25T12:37:10 EST" finished-at="2020-01-25T12:37:16 EST">
          <reporter-output>
          </reporter-output>
        </test-method> <!-- setUp -->
        <test-method status="PASS" signature="addingEmp(java.lang.String, java.lang.String)[pri:0, instance:com.hrms.testcases.TCAddEmp@27a8c74e]" name="addingEmp" duration-ms="9756" started-at="2020-01-25T12:37:16 EST" data-provider="getData" finished-at="2020-01-25T12:37:26 EST">
          <params>
            <param index="0">
              <value>
                <![CDATA[Peter]]>
              </value>
            </param>
            <param index="1">
              <value>
                <![CDATA[Smith]]>
              </value>
            </param>
          </params>
          <reporter-output>
          </reporter-output>
        </test-method> <!-- addingEmp -->
        <test-method status="PASS" signature="tearDown()[pri:0, instance:com.hrms.testcases.TCAddEmp@27a8c74e]" name="tearDown" is-config="true" duration-ms="177" started-at="2020-01-25T12:37:26 EST" finished-at="2020-01-25T12:37:27 EST">
          <reporter-output>
          </reporter-output>
        </test-method> <!-- tearDown -->
        <test-method status="PASS" signature="setUp()[pri:0, instance:com.hrms.testcases.TCAddEmp@27a8c74e]" name="setUp" is-config="true" duration-ms="6072" started-at="2020-01-25T12:37:27 EST" finished-at="2020-01-25T12:37:33 EST">
          <reporter-output>
          </reporter-output>
        </test-method> <!-- setUp -->
        <test-method status="PASS" signature="addingEmp(java.lang.String, java.lang.String)[pri:0, instance:com.hrms.testcases.TCAddEmp@27a8c74e]" name="addingEmp" duration-ms="13575" started-at="2020-01-25T12:37:33 EST" data-provider="getData" finished-at="2020-01-25T12:37:46 EST">
          <params>
            <param index="0">
              <value>
                <![CDATA[David]]>
              </value>
            </param>
            <param index="1">
              <value>
                <![CDATA[Coles]]>
              </value>
            </param>
          </params>
          <reporter-output>
          </reporter-output>
        </test-method> <!-- addingEmp -->
        <test-method status="PASS" signature="tearDown()[pri:0, instance:com.hrms.testcases.TCAddEmp@27a8c74e]" name="tearDown" is-config="true" duration-ms="235" started-at="2020-01-25T12:37:47 EST" finished-at="2020-01-25T12:37:48 EST">
          <reporter-output>
          </reporter-output>
        </test-method> <!-- tearDown -->
        <test-method status="PASS" signature="setUp()[pri:0, instance:com.hrms.testcases.TCAddEmp@27a8c74e]" name="setUp" is-config="true" duration-ms="7283" started-at="2020-01-25T12:37:48 EST" finished-at="2020-01-25T12:37:55 EST">
          <reporter-output>
          </reporter-output>
        </test-method> <!-- setUp -->
        <test-method status="PASS" signature="addingEmp(java.lang.String, java.lang.String)[pri:0, instance:com.hrms.testcases.TCAddEmp@27a8c74e]" name="addingEmp" duration-ms="7725" started-at="2020-01-25T12:37:55 EST" data-provider="getData" finished-at="2020-01-25T12:38:03 EST">
          <params>
            <param index="0">
              <value>
                <![CDATA[James]]>
              </value>
            </param>
            <param index="1">
              <value>
                <![CDATA[llu]]>
              </value>
            </param>
          </params>
          <reporter-output>
          </reporter-output>
        </test-method> <!-- addingEmp -->
        <test-method status="PASS" signature="tearDown()[pri:0, instance:com.hrms.testcases.TCAddEmp@27a8c74e]" name="tearDown" is-config="true" duration-ms="187" started-at="2020-01-25T12:38:03 EST" finished-at="2020-01-25T12:38:03 EST">
          <reporter-output>
          </reporter-output>
        </test-method> <!-- tearDown -->
        <test-method status="PASS" signature="setUp()[pri:0, instance:com.hrms.testcases.TCAddEmp@27a8c74e]" name="setUp" is-config="true" duration-ms="6924" started-at="2020-01-25T12:38:03 EST" finished-at="2020-01-25T12:38:10 EST">
          <reporter-output>
          </reporter-output>
        </test-method> <!-- setUp -->
        <test-method status="PASS" signature="addingEmp(java.lang.String, java.lang.String)[pri:0, instance:com.hrms.testcases.TCAddEmp@27a8c74e]" name="addingEmp" duration-ms="9380" started-at="2020-01-25T12:38:10 EST" data-provider="getData" finished-at="2020-01-25T12:38:20 EST">
          <params>
            <param index="0">
              <value>
                <![CDATA[John]]>
              </value>
            </param>
            <param index="1">
              <value>
                <![CDATA[Bb]]>
              </value>
            </param>
          </params>
          <reporter-output>
          </reporter-output>
        </test-method> <!-- addingEmp -->
        <test-method status="PASS" signature="tearDown()[pri:0, instance:com.hrms.testcases.TCAddEmp@27a8c74e]" name="tearDown" is-config="true" duration-ms="155" started-at="2020-01-25T12:38:20 EST" finished-at="2020-01-25T12:38:20 EST">
          <reporter-output>
          </reporter-output>
        </test-method> <!-- tearDown -->
        <test-method status="PASS" signature="setUp()[pri:0, instance:com.hrms.testcases.TCAddEmp@27a8c74e]" name="setUp" is-config="true" duration-ms="5994" started-at="2020-01-25T12:38:20 EST" finished-at="2020-01-25T12:38:26 EST">
          <reporter-output>
          </reporter-output>
        </test-method> <!-- setUp -->
        <test-method status="PASS" signature="addingEmp(java.lang.String, java.lang.String)[pri:0, instance:com.hrms.testcases.TCAddEmp@27a8c74e]" name="addingEmp" duration-ms="11121" started-at="2020-01-25T12:38:26 EST" data-provider="getData" finished-at="2020-01-25T12:38:37 EST">
          <params>
            <param index="0">
              <value>
                <![CDATA[Sean]]>
              </value>
            </param>
            <param index="1">
              <value>
                <![CDATA[Thomas]]>
              </value>
            </param>
          </params>
          <reporter-output>
          </reporter-output>
        </test-method> <!-- addingEmp -->
        <test-method status="PASS" signature="tearDown()[pri:0, instance:com.hrms.testcases.TCAddEmp@27a8c74e]" name="tearDown" is-config="true" duration-ms="207" started-at="2020-01-25T12:38:38 EST" finished-at="2020-01-25T12:38:38 EST">
          <reporter-output>
          </reporter-output>
        </test-method> <!-- tearDown -->
        <test-method status="PASS" signature="setUp()[pri:0, instance:com.hrms.testcases.TCAddEmp@27a8c74e]" name="setUp" is-config="true" duration-ms="6636" started-at="2020-01-25T12:38:38 EST" finished-at="2020-01-25T12:38:44 EST">
          <reporter-output>
          </reporter-output>
        </test-method> <!-- setUp -->
        <test-method status="PASS" signature="addingEmp(java.lang.String, java.lang.String)[pri:0, instance:com.hrms.testcases.TCAddEmp@27a8c74e]" name="addingEmp" duration-ms="9136" started-at="2020-01-25T12:38:44 EST" data-provider="getData" finished-at="2020-01-25T12:38:54 EST">
          <params>
            <param index="0">
              <value>
                <![CDATA[Peter]]>
              </value>
            </param>
            <param index="1">
              <value>
                <![CDATA[Johnson]]>
              </value>
            </param>
          </params>
          <reporter-output>
          </reporter-output>
        </test-method> <!-- addingEmp -->
        <test-method status="PASS" signature="tearDown()[pri:0, instance:com.hrms.testcases.TCAddEmp@27a8c74e]" name="tearDown" is-config="true" duration-ms="189" started-at="2020-01-25T12:38:54 EST" finished-at="2020-01-25T12:38:54 EST">
          <reporter-output>
          </reporter-output>
        </test-method> <!-- tearDown -->
        <test-method status="PASS" signature="setUp()[pri:0, instance:com.hrms.testcases.TCAddEmp@27a8c74e]" name="setUp" is-config="true" duration-ms="5420" started-at="2020-01-25T12:38:54 EST" finished-at="2020-01-25T12:39:00 EST">
          <reporter-output>
          </reporter-output>
        </test-method> <!-- setUp -->
        <test-method status="PASS" signature="addingEmp(java.lang.String, java.lang.String)[pri:0, instance:com.hrms.testcases.TCAddEmp@27a8c74e]" name="addingEmp" duration-ms="8210" started-at="2020-01-25T12:39:00 EST" data-provider="getData" finished-at="2020-01-25T12:39:08 EST">
          <params>
            <param index="0">
              <value>
                <![CDATA[David]]>
              </value>
            </param>
            <param index="1">
              <value>
                <![CDATA[Tesis]]>
              </value>
            </param>
          </params>
          <reporter-output>
          </reporter-output>
        </test-method> <!-- addingEmp -->
        <test-method status="PASS" signature="tearDown()[pri:0, instance:com.hrms.testcases.TCAddEmp@27a8c74e]" name="tearDown" is-config="true" duration-ms="225" started-at="2020-01-25T12:39:08 EST" finished-at="2020-01-25T12:39:08 EST">
          <reporter-output>
          </reporter-output>
        </test-method> <!-- tearDown -->
      </class> <!-- com.hrms.testcases.TCAddEmp -->
      <class name="com.hrms.testcases.LeaveListPageTest">
        <test-method status="PASS" signature="generateReports()[pri:0, instance:com.hrms.testcases.LeaveListPageTest@15d0c81b]" name="generateReports" is-config="true" duration-ms="234" started-at="2020-01-25T12:35:57 EST" finished-at="2020-01-25T12:35:58 EST">
          <reporter-output>
          </reporter-output>
        </test-method> <!-- generateReports -->
        <test-method status="PASS" signature="setUp()[pri:0, instance:com.hrms.testcases.LeaveListPageTest@15d0c81b]" name="setUp" is-config="true" duration-ms="5398" started-at="2020-01-25T12:35:58 EST" finished-at="2020-01-25T12:36:03 EST">
          <reporter-output>
          </reporter-output>
        </test-method> <!-- setUp -->
        <test-method status="FAIL" signature="leaveLabelvalidation()[pri:0, instance:com.hrms.testcases.LeaveListPageTest@15d0c81b]" name="leaveLabelvalidation" duration-ms="15162" started-at="2020-01-25T12:36:03 EST" finished-at="2020-01-25T12:36:18 EST">
          <exception class="org.openqa.selenium.NoSuchElementException">
            <message>
              <![CDATA[no such element: Unable to locate element: {"method":"css selector","selector":"#locationHeading"}
  (Session info: chrome=79.0.3945.130)
For documentation on this error, please visit: https://www.seleniumhq.org/exceptions/no_such_element.html
Build info: version: '3.141.59', revision: 'e82be7d358', time: '2018-11-14T08:17:03'
System info: host: 'Ayleens-Air.fios-router.home', ip: 'fe80:0:0:0:1cb8:1546:dc81:7e47%en0', os.name: 'Mac OS X', os.arch: 'x86_64', os.version: '10.15.2', java.version: '1.8.0_221'
Driver info: org.openqa.selenium.chrome.ChromeDriver
Capabilities {acceptInsecureCerts: false, browserName: chrome, browserVersion: 79.0.3945.130, chrome: {chromedriverVersion: 79.0.3945.36 (3582db32b3389..., userDataDir: /var/folders/2x/cwngh92n5cl...}, goog:chromeOptions: {debuggerAddress: localhost:56305}, javascriptEnabled: true, networkConnectionEnabled: false, pageLoadStrategy: normal, platform: MAC, platformName: MAC, proxy: Proxy(), setWindowRect: true, strictFileInteractability: false, timeouts: {implicit: 0, pageLoad: 300000, script: 30000}, unhandledPromptBehavior: dismiss and notify}
Session ID: 29eef935e2a8dc93b64887a13f787d9a
*** Element info: {Using=id, value=locationHeading}]]>
            </message>
            <full-stacktrace>
              <![CDATA[org.openqa.selenium.NoSuchElementException: no such element: Unable to locate element: {"method":"css selector","selector":"#locationHeading"}
  (Session info: chrome=79.0.3945.130)
For documentation on this error, please visit: https://www.seleniumhq.org/exceptions/no_such_element.html
Build info: version: '3.141.59', revision: 'e82be7d358', time: '2018-11-14T08:17:03'
System info: host: 'Ayleens-Air.fios-router.home', ip: 'fe80:0:0:0:1cb8:1546:dc81:7e47%en0', os.name: 'Mac OS X', os.arch: 'x86_64', os.version: '10.15.2', java.version: '1.8.0_221'
Driver info: org.openqa.selenium.chrome.ChromeDriver
Capabilities {acceptInsecureCerts: false, browserName: chrome, browserVersion: 79.0.3945.130, chrome: {chromedriverVersion: 79.0.3945.36 (3582db32b3389..., userDataDir: /var/folders/2x/cwngh92n5cl...}, goog:chromeOptions: {debuggerAddress: localhost:56305}, javascriptEnabled: true, networkConnectionEnabled: false, pageLoadStrategy: normal, platform: MAC, platformName: MAC, proxy: Proxy(), setWindowRect: true, strictFileInteractability: false, timeouts: {implicit: 0, pageLoad: 300000, script: 30000}, unhandledPromptBehavior: dismiss and notify}
Session ID: 29eef935e2a8dc93b64887a13f787d9a
*** Element info: {Using=id, value=locationHeading}
at sun.reflect.NativeConstructorAccessorImpl.newInstance0(Native Method)
at sun.reflect.NativeConstructorAccessorImpl.newInstance(NativeConstructorAccessorImpl.java:62)
at sun.reflect.DelegatingConstructorAccessorImpl.newInstance(DelegatingConstructorAccessorImpl.java:45)
at java.lang.reflect.Constructor.newInstance(Constructor.java:423)
at org.openqa.selenium.remote.http.W3CHttpResponseCodec.createException(W3CHttpResponseCodec.java:187)
at org.openqa.selenium.remote.http.W3CHttpResponseCodec.decode(W3CHttpResponseCodec.java:122)
at org.openqa.selenium.remote.http.W3CHttpResponseCodec.decode(W3CHttpResponseCodec.java:49)
at org.openqa.selenium.remote.HttpCommandExecutor.execute(HttpCommandExecutor.java:158)
at org.openqa.selenium.remote.service.DriverCommandExecutor.execute(DriverCommandExecutor.java:83)
at org.openqa.selenium.remote.RemoteWebDriver.execute(RemoteWebDriver.java:552)
at org.openqa.selenium.remote.RemoteWebDriver.findElement(RemoteWebDriver.java:323)
at org.openqa.selenium.remote.RemoteWebDriver.findElementById(RemoteWebDriver.java:372)
at org.openqa.selenium.By$ById.findElement(By.java:188)
at org.openqa.selenium.remote.RemoteWebDriver.findElement(RemoteWebDriver.java:315)
at org.openqa.selenium.support.pagefactory.DefaultElementLocator.findElement(DefaultElementLocator.java:69)
at org.openqa.selenium.support.pagefactory.internal.LocatingElementHandler.invoke(LocatingElementHandler.java:38)
at com.sun.proxy.$Proxy12.isDisplayed(Unknown Source)
at com.hrms.testcases.LeaveListPageTest.leaveLabelvalidation(LeaveListPageTest.java:27)
at sun.reflect.NativeMethodAccessorImpl.invoke0(Native Method)
at sun.reflect.NativeMethodAccessorImpl.invoke(NativeMethodAccessorImpl.java:62)
at sun.reflect.DelegatingMethodAccessorImpl.invoke(DelegatingMethodAccessorImpl.java:43)
at java.lang.reflect.Method.invoke(Method.java:498)
at org.testng.internal.MethodInvocationHelper.invokeMethod(MethodInvocationHelper.java:133)
at org.testng.internal.TestInvoker.invokeMethod(TestInvoker.java:584)
at org.testng.internal.TestInvoker.invokeTestMethod(TestInvoker.java:172)
at org.testng.internal.MethodRunner.runInSequence(MethodRunner.java:46)
at org.testng.internal.TestInvoker$MethodInvocationAgent.invoke(TestInvoker.java:804)
at org.testng.internal.TestInvoker.invokeTestMethods(TestInvoker.java:145)
at org.testng.internal.TestMethodWorker.invokeTestMethods(TestMethodWorker.java:146)
at org.testng.internal.TestMethodWorker.run(TestMethodWorker.java:128)
at java.util.ArrayList.forEach(ArrayList.java:1257)
at org.testng.TestRunner.privateRun(TestRunner.java:770)
at org.testng.TestRunner.run(TestRunner.java:591)
at org.testng.SuiteRunner.runTest(SuiteRunner.java:402)
at org.testng.SuiteRunner.runSequentially(SuiteRunner.java:396)
at org.testng.SuiteRunner.privateRun(SuiteRunner.java:355)
at org.testng.SuiteRunner.run(SuiteRunner.java:304)
at org.testng.SuiteRunnerWorker.runSuite(SuiteRunnerWorker.java:53)
at org.testng.SuiteRunnerWorker.run(SuiteRunnerWorker.java:96)
at org.testng.TestNG.runSuitesSequentially(TestNG.java:1180)
at org.testng.TestNG.runSuitesLocally(TestNG.java:1102)
at org.testng.TestNG.runSuites(TestNG.java:1032)
at org.testng.TestNG.run(TestNG.java:1000)
at org.testng.remote.AbstractRemoteTestNG.run(AbstractRemoteTestNG.java:115)
at org.testng.remote.RemoteTestNG.initAndRun(RemoteTestNG.java:251)
at org.testng.remote.RemoteTestNG.main(RemoteTestNG.java:77)
]]>
            </full-stacktrace>
          </exception> <!-- org.openqa.selenium.NoSuchElementException -->
          <reporter-output>
          </reporter-output>
        </test-method> <!-- leaveLabelvalidation -->
        <test-method status="PASS" signature="tearDown()[pri:0, instance:com.hrms.testcases.LeaveListPageTest@15d0c81b]" name="tearDown" is-config="true" duration-ms="149" started-at="2020-01-25T12:36:19 EST" finished-at="2020-01-25T12:36:19 EST">
          <reporter-output>
          </reporter-output>
        </test-method> <!-- tearDown -->
        <test-method status="PASS" signature="writeReport()[pri:0, instance:com.hrms.testcases.LeaveListPageTest@15d0c81b]" name="writeReport" is-config="true" duration-ms="803" started-at="2020-01-25T12:39:08 EST" finished-at="2020-01-25T12:39:09 EST">
          <reporter-output>
          </reporter-output>
        </test-method> <!-- writeReport -->
      </class> <!-- com.hrms.testcases.LeaveListPageTest -->
    </test> <!-- Regression Test -->
  </suite> <!-- Regression Suite -->
</testng-results>
